<?xml version="1.0" encoding="UTF-8"?>
<!-- Generated by org.testng.reporters.JUnitReportReporter -->
<testsuite hostname="User" failures="0" tests="1" name="Contact.contactTest" time="0.019" errors="0" timestamp="2024-11-13T13:11:36 IST" skipped="0">
  <testcase classname="Contact.contactTest" name="getData_Test" time="0.019"/>
  <system-out/>
</testsuite> <!-- Contact.contactTest -->
