<?xml version="1.0" encoding="UTF-8"?>
<!-- Generated by org.testng.reporters.JUnitReportReporter -->
<testsuite hostname="User" failures="0" tests="2" name="Organisation.OrganisationTest" time="0.022" errors="0" timestamp="2024-11-13T10:32:43 IST" skipped="0">
  <testcase classname="Organisation.OrganisationTest" name="smokeTest" time="0.001"/>
  <system-out/>
  <testcase classname="Organisation.OrganisationTest" name="regressionTest" time="0.021"/>
  <system-out/>
</testsuite> <!-- Organisation.OrganisationTest -->
